https://github.com/TangereJs/designer
https://github.com/TangereJs/at-carbon-action-button
https://github.com/TangereJs/at-carbon-alert
https://github.com/TangereJs/at-carbon-button
https://github.com/TangereJs/at-carbon-clamp
https://github.com/TangereJs/at-carbon-collapse
https://github.com/TangereJs/at-carbon-date-picker
https://github.com/TangereJs/at-carbon-icon
https://github.com/TangereJs/at-carbon-icon-button
https://github.com/TangereJs/at-carbon-icon-color
https://github.com/TangereJs/at-carbon-menu
https://github.com/TangereJs/at-carbon-menu-button
https://github.com/TangereJs/at-carbon-message
https://github.com/TangereJs/at-carbon-moment
https://github.com/TangereJs/at-carbon-pager
https://github.com/TangereJs/at-carbon-popup
https://github.com/TangereJs/at-carbon-progress
https://github.com/TangereJs/at-carbon-signal-button
https://github.com/TangereJs/at-carbon-tabs
https://github.com/TangereJs/at-carbon-time-picker
https://github.com/TangereJs/at-carbon-tree
https://github.com/TangereJs/at-carbon-video

https://github.com/TangereJs/at-chart-core
https://github.com/TangereJs/at-chart-inline
https://github.com/TangereJs/at-chart-strudel

https://github.com/TangereJs/at-core-activity
https://github.com/TangereJs/at-core-busy
https://github.com/TangereJs/at-core-card
https://github.com/TangereJs/at-core-cardlayout
https://github.com/TangereJs/at-core-cardlist
https://github.com/TangereJs/at-core-carousel
https://github.com/TangereJs/at-core-dashboard
https://github.com/TangereJs/at-core-dropdown
https://github.com/TangereJs/at-core-form
https://github.com/TangereJs/at-core-iframe
https://github.com/TangereJs/at-core-item
https://github.com/TangereJs/at-core-list

https://github.com/TangereJs/at-core-markdown
https://github.com/TangereJs/at-core-media-query
https://github.com/TangereJs/at-core-mic
https://github.com/TangereJs/at-core-propform
https://github.com/TangereJs/at-core-resize-sensor
https://github.com/TangereJs/at-core-schema
https://github.com/TangereJs/at-core-searchbox
https://github.com/TangereJs/at-core-signals
https://github.com/TangereJs/at-core-sortable
https://github.com/TangereJs/at-core-spinner
https://github.com/TangereJs/at-core-splitter
https://github.com/TangereJs/at-core-style-classes
https://github.com/TangereJs/at-core-theme
https://github.com/TangereJs/at-core-video
https://github.com/TangereJs/at-core-view
